# JRE version: Java(TM) SE Runtime Environment (8.0_191-b12) (build 1.8.0_191-b12)
# Java VM: Java HotSpot(TM) Client VM (25.191-b12 mixed mode windows-x86 )
Heap:
 def new generation   total 67136K, used 46188K [0x05600000, 0x09ed0000, 0x100a0000)
  eden space 59712K,  64% used [0x05600000, 0x07bdb358, 0x09050000)
  from space 7424K, 100% used [0x09790000, 0x09ed0000, 0x09ed0000)
  to   space 7424K,   0% used [0x09050000, 0x09050000, 0x09790000)
 tenured generation   total 148988K, used 111653K [0x100a0000, 0x1921f000, 0x25600000)
   the space 148988K,  74% used [0x100a0000, 0x16da97a8, 0x16da9800, 0x1921f000)
 Metaspace       used 24725K, capacity 25271K, committed 25344K, reserved 25984K
GC Heap History (10 events):
Event: 2.018 GC heap before
{Heap before GC invocations=5 (full 2):
 def new generation   total 39424K, used 35072K [0x05600000, 0x080c0000, 0x100a0000)
  eden space 35072K, 100% used [0x05600000, 0x07840000, 0x07840000)
  from space 4352K,   0% used [0x07c80000, 0x07c80000, 0x080c0000)
  to   space 4352K,   0% used [0x07840000, 0x07840000, 0x07c80000)
 tenured generation   total 87424K, used 45642K [0x100a0000, 0x15600000, 0x25600000)
   the space 87424K,  52% used [0x100a0000, 0x12d32be8, 0x12d32c00, 0x15600000)
 Metaspace       used 22812K, capacity 23260K, committed 23424K, reserved 23936K
Event: 2.030 GC heap after
Heap after GC invocations=6 (full 2):
 def new generation   total 39424K, used 4352K [0x05600000, 0x080c0000, 0x100a0000)
  eden space 35072K,   0% used [0x05600000, 0x05600000, 0x07840000)
  from space 4352K, 100% used [0x07840000, 0x07c80000, 0x07c80000)
  to   space 4352K,   0% used [0x07c80000, 0x07c80000, 0x080c0000)
 tenured generation   total 87424K, used 54644K [0x100a0000, 0x15600000, 0x25600000)
   the space 87424K,  62% used [0x100a0000, 0x135fd3c0, 0x135fd400, 0x15600000)
 Metaspace       used 22812K, capacity 23260K, committed 23424K, reserved 23936K
}
Event: 62.003 GC heap before
{Heap before GC invocations=6 (full 2):
 def new generation   total 39424K, used 31519K [0x05600000, 0x080c0000, 0x100a0000)
  eden space 35072K,  77% used [0x05600000, 0x07087e48, 0x07840000)
  from space 4352K, 100% used [0x07840000, 0x07c80000, 0x07c80000)
  to   space 4352K,   0% used [0x07c80000, 0x07c80000, 0x080c0000)
 tenured generation   total 87424K, used 54644K [0x100a0000, 0x15600000, 0x25600000)
   the space 87424K,  62% used [0x100a0000, 0x135fd3c0, 0x135fd400, 0x15600000)
 Metaspace       used 24119K, capacity 24613K, committed 24704K, reserved 24960K
Event: 62.011 GC heap after
Heap after GC invocations=7 (full 2):
 def new generation   total 39424K, used 4352K [0x05600000, 0x080c0000, 0x100a0000)
  eden space 35072K,   0% used [0x05600000, 0x05600000, 0x07840000)
  from space 4352K, 100% used [0x07c80000, 0x080c0000, 0x080c0000)
  to   space 4352K,   0% used [0x07840000, 0x07840000, 0x07c80000)
 tenured generation   total 87424K, used 60287K [0x100a0000, 0x15600000, 0x25600000)
   the space 87424K,  68% used [0x100a0000, 0x13b7fda8, 0x13b7fe00, 0x15600000)
 Metaspace       used 24119K, capacity 24613K, committed 24704K, reserved 24960K
}
Event: 62.024 GC heap before
{Heap before GC invocations=7 (full 2):
 def new generation   total 39424K, used 28645K [0x05600000, 0x080c0000, 0x100a0000)
  eden space 35072K,  69% used [0x05600000, 0x06db96d8, 0x07840000)
  from space 4352K, 100% used [0x07c80000, 0x080c0000, 0x080c0000)
  to   space 4352K,   0% used [0x07840000, 0x07840000, 0x07c80000)
 tenured generation   total 87424K, used 60287K [0x100a0000, 0x15600000, 0x25600000)
   the space 87424K,  68% used [0x100a0000, 0x13b7fda8, 0x13b7fe00, 0x15600000)
 Metaspace       used 24119K, capacity 24613K, committed 24704K, reserved 24960K
Event: 62.032 GC heap after
Heap after GC invocations=8 (full 2):
 def new generation   total 39424K, used 0K [0x05600000, 0x080c0000, 0x100a0000)
  eden space 35072K,   0% used [0x05600000, 0x05600000, 0x07840000)
  from space 4352K,   0% used [0x07840000, 0x07840000, 0x07c80000)
  to   space 4352K,   0% used [0x07c80000, 0x07c80000, 0x080c0000)
 tenured generation   total 87424K, used 76675K [0x100a0000, 0x15600000, 0x25600000)
   the space 87424K,  87% used [0x100a0000, 0x14b80d48, 0x14b80e00, 0x15600000)
 Metaspace       used 24119K, capacity 24613K, committed 24704K, reserved 24960K
}
Event: 62.041 GC heap before
{Heap before GC invocations=8 (full 2):
 def new generation   total 39424K, used 32857K [0x05600000, 0x080c0000, 0x100a0000)
  eden space 35072K,  93% used [0x05600000, 0x07616708, 0x07840000)
  from space 4352K,   0% used [0x07840000, 0x07840000, 0x07c80000)
  to   space 4352K,   0% used [0x07c80000, 0x07c80000, 0x080c0000)
 tenured generation   total 87424K, used 76675K [0x100a0000, 0x15600000, 0x25600000)
   the space 87424K,  87% used [0x100a0000, 0x14b80d48, 0x14b80e00, 0x15600000)
 Metaspace       used 24119K, capacity 24613K, committed 24704K, reserved 24960K
Event: 62.120 GC heap after
Heap after GC invocations=9 (full 3):
 def new generation   total 67136K, used 0K [0x05600000, 0x09ed0000, 0x100a0000)
  eden space 59712K,   0% used [0x05600000, 0x05600000, 0x09050000)
  from space 7424K,   0% used [0x09050000, 0x09050000, 0x09790000)
  to   space 7424K,   0% used [0x09790000, 0x09790000, 0x09ed0000)
 tenured generation   total 148988K, used 89391K [0x100a0000, 0x1921f000, 0x25600000)
   the space 148988K,  59% used [0x100a0000, 0x157ebe38, 0x157ec000, 0x1921f000)
 Metaspace       used 24119K, capacity 24613K, committed 24704K, reserved 24960K
}
Event: 62.395 GC heap before
{Heap before GC invocations=9 (full 3):
 def new generation   total 67136K, used 59712K [0x05600000, 0x09ed0000, 0x100a0000)
  eden space 59712K, 100% used [0x05600000, 0x09050000, 0x09050000)
  from space 7424K,   0% used [0x09050000, 0x09050000, 0x09790000)
  to   space 7424K,   0% used [0x09790000, 0x09790000, 0x09ed0000)
 tenured generation   total 148988K, used 89391K [0x100a0000, 0x1921f000, 0x25600000)
   the space 148988K,  59% used [0x100a0000, 0x157ebe38, 0x157ec000, 0x1921f000)
 Metaspace       used 24638K, capacity 25150K, committed 25216K, reserved 25984K
Event: 62.442 GC heap after
Heap after GC invocations=10 (full 3):
 def new generation   total 67136K, used 7424K [0x05600000, 0x09ed0000, 0x100a0000)
  eden space 59712K,   0% used [0x05600000, 0x05600000, 0x09050000)
  from space 7424K, 100% used [0x09790000, 0x09ed0000, 0x09ed0000)
  to   space 7424K,   0% used [0x09050000, 0x09050000, 0x09790000)
 tenured generation   total 148988K, used 111653K [0x100a0000, 0x1921f000, 0x25600000)
   the space 148988K,  74% used [0x100a0000, 0x16da97a8, 0x16da9800, 0x1921f000)
 Metaspace       used 24638K, capacity 25150K, committed 25216K, reserved 25984K
}

