# JRE version: Java(TM) SE Runtime Environment (8.0_191-b12) (build 1.8.0_191-b12)
# Java VM: Java HotSpot(TM) Client VM (25.191-b12 mixed mode windows-x86 )
Heap:
 def new generation   total 66432K, used 45911K [0x05400000, 0x09c10000, 0x0fea0000)
  eden space 59072K,  77% used [0x05400000, 0x080b4100, 0x08db0000)
  from space 7360K,   1% used [0x094e0000, 0x09501e08, 0x09c10000)
  to   space 7360K,   0% used [0x08db0000, 0x08db0000, 0x094e0000)
 tenured generation   total 147460K, used 121628K [0x0fea0000, 0x18ea1000, 0x25400000)
   the space 147460K,  82% used [0x0fea0000, 0x17567360, 0x17567400, 0x18ea1000)
 Metaspace       used 25321K, capacity 25849K, committed 25984K, reserved 25984K
GC Heap History (10 events):
Event: 10148.691 GC heap before
{Heap before GC invocations=20 (full 3):
 def new generation   total 66432K, used 59457K [0x05400000, 0x09c10000, 0x0fea0000)
  eden space 59072K, 100% used [0x05400000, 0x08db0000, 0x08db0000)
  from space 7360K,   5% used [0x08db0000, 0x08e106c8, 0x094e0000)
  to   space 7360K,   0% used [0x094e0000, 0x094e0000, 0x09c10000)
 tenured generation   total 147460K, used 121628K [0x0fea0000, 0x18ea1000, 0x25400000)
   the space 147460K,  82% used [0x0fea0000, 0x17567360, 0x17567400, 0x18ea1000)
 Metaspace       used 25316K, capacity 25849K, committed 25984K, reserved 25984K
Event: 10148.693 GC heap after
Heap after GC invocations=21 (full 3):
 def new generation   total 66432K, used 320K [0x05400000, 0x09c10000, 0x0fea0000)
  eden space 59072K,   0% used [0x05400000, 0x05400000, 0x08db0000)
  from space 7360K,   4% used [0x094e0000, 0x095302c0, 0x09c10000)
  to   space 7360K,   0% used [0x08db0000, 0x08db0000, 0x094e0000)
 tenured generation   total 147460K, used 121628K [0x0fea0000, 0x18ea1000, 0x25400000)
   the space 147460K,  82% used [0x0fea0000, 0x17567360, 0x17567400, 0x18ea1000)
 Metaspace       used 25316K, capacity 25849K, committed 25984K, reserved 25984K
}
Event: 12579.499 GC heap before
{Heap before GC invocations=21 (full 3):
 def new generation   total 66432K, used 59392K [0x05400000, 0x09c10000, 0x0fea0000)
  eden space 59072K, 100% used [0x05400000, 0x08db0000, 0x08db0000)
  from space 7360K,   4% used [0x094e0000, 0x095302c0, 0x09c10000)
  to   space 7360K,   0% used [0x08db0000, 0x08db0000, 0x094e0000)
 tenured generation   total 147460K, used 121628K [0x0fea0000, 0x18ea1000, 0x25400000)
   the space 147460K,  82% used [0x0fea0000, 0x17567360, 0x17567400, 0x18ea1000)
 Metaspace       used 25316K, capacity 25849K, committed 25984K, reserved 25984K
Event: 12579.502 GC heap after
Heap after GC invocations=22 (full 3):
 def new generation   total 66432K, used 135K [0x05400000, 0x09c10000, 0x0fea0000)
  eden space 59072K,   0% used [0x05400000, 0x05400000, 0x08db0000)
  from space 7360K,   1% used [0x08db0000, 0x08dd1d00, 0x094e0000)
  to   space 7360K,   0% used [0x094e0000, 0x094e0000, 0x09c10000)
 tenured generation   total 147460K, used 121628K [0x0fea0000, 0x18ea1000, 0x25400000)
   the space 147460K,  82% used [0x0fea0000, 0x17567360, 0x17567400, 0x18ea1000)
 Metaspace       used 25316K, capacity 25849K, committed 25984K, reserved 25984K
}
Event: 15000.529 GC heap before
{Heap before GC invocations=22 (full 3):
 def new generation   total 66432K, used 59207K [0x05400000, 0x09c10000, 0x0fea0000)
  eden space 59072K, 100% used [0x05400000, 0x08db0000, 0x08db0000)
  from space 7360K,   1% used [0x08db0000, 0x08dd1d00, 0x094e0000)
  to   space 7360K,   0% used [0x094e0000, 0x094e0000, 0x09c10000)
 tenured generation   total 147460K, used 121628K [0x0fea0000, 0x18ea1000, 0x25400000)
   the space 147460K,  82% used [0x0fea0000, 0x17567360, 0x17567400, 0x18ea1000)
 Metaspace       used 25316K, capacity 25849K, committed 25984K, reserved 25984K
Event: 15000.531 GC heap after
Heap after GC invocations=23 (full 3):
 def new generation   total 66432K, used 135K [0x05400000, 0x09c10000, 0x0fea0000)
  eden space 59072K,   0% used [0x05400000, 0x05400000, 0x08db0000)
  from space 7360K,   1% used [0x094e0000, 0x09501d38, 0x09c10000)
  to   space 7360K,   0% used [0x08db0000, 0x08db0000, 0x094e0000)
 tenured generation   total 147460K, used 121628K [0x0fea0000, 0x18ea1000, 0x25400000)
   the space 147460K,  82% used [0x0fea0000, 0x17567360, 0x17567400, 0x18ea1000)
 Metaspace       used 25316K, capacity 25849K, committed 25984K, reserved 25984K
}
Event: 17562.296 GC heap before
{Heap before GC invocations=23 (full 3):
 def new generation   total 66432K, used 59207K [0x05400000, 0x09c10000, 0x0fea0000)
  eden space 59072K, 100% used [0x05400000, 0x08db0000, 0x08db0000)
  from space 7360K,   1% used [0x094e0000, 0x09501d38, 0x09c10000)
  to   space 7360K,   0% used [0x08db0000, 0x08db0000, 0x094e0000)
 tenured generation   total 147460K, used 121628K [0x0fea0000, 0x18ea1000, 0x25400000)
   the space 147460K,  82% used [0x0fea0000, 0x17567360, 0x17567400, 0x18ea1000)
 Metaspace       used 25316K, capacity 25849K, committed 25984K, reserved 25984K
Event: 17562.298 GC heap after
Heap after GC invocations=24 (full 3):
 def new generation   total 66432K, used 139K [0x05400000, 0x09c10000, 0x0fea0000)
  eden space 59072K,   0% used [0x05400000, 0x05400000, 0x08db0000)
  from space 7360K,   1% used [0x08db0000, 0x08dd2fb8, 0x094e0000)
  to   space 7360K,   0% used [0x094e0000, 0x094e0000, 0x09c10000)
 tenured generation   total 147460K, used 121628K [0x0fea0000, 0x18ea1000, 0x25400000)
   the space 147460K,  82% used [0x0fea0000, 0x17567360, 0x17567400, 0x18ea1000)
 Metaspace       used 25316K, capacity 25849K, committed 25984K, reserved 25984K
}
Event: 20143.251 GC heap before
{Heap before GC invocations=24 (full 3):
 def new generation   total 66432K, used 59211K [0x05400000, 0x09c10000, 0x0fea0000)
  eden space 59072K, 100% used [0x05400000, 0x08db0000, 0x08db0000)
  from space 7360K,   1% used [0x08db0000, 0x08dd2fb8, 0x094e0000)
  to   space 7360K,   0% used [0x094e0000, 0x094e0000, 0x09c10000)
 tenured generation   total 147460K, used 121628K [0x0fea0000, 0x18ea1000, 0x25400000)
   the space 147460K,  82% used [0x0fea0000, 0x17567360, 0x17567400, 0x18ea1000)
 Metaspace       used 25316K, capacity 25849K, committed 25984K, reserved 25984K
Event: 20143.254 GC heap after
Heap after GC invocations=25 (full 3):
 def new generation   total 66432K, used 135K [0x05400000, 0x09c10000, 0x0fea0000)
  eden space 59072K,   0% used [0x05400000, 0x05400000, 0x08db0000)
  from space 7360K,   1% used [0x094e0000, 0x09501e08, 0x09c10000)
  to   space 7360K,   0% used [0x08db0000, 0x08db0000, 0x094e0000)
 tenured generation   total 147460K, used 121628K [0x0fea0000, 0x18ea1000, 0x25400000)
   the space 147460K,  82% used [0x0fea0000, 0x17567360, 0x17567400, 0x18ea1000)
 Metaspace       used 25316K, capacity 25849K, committed 25984K, reserved 25984K
}

